{
  "D:\\dev\\if-js\\src\\lesson-4\\scripts\\sum.js": {
    "path": "D:\\dev\\if-js\\src\\lesson-4\\scripts\\sum.js",
    "statementMap": {
      "0": {
        "start": { "line": 1, "column": 19 },
        "end": { "line": 5, "column": 1 }
      },
      "1": {
        "start": { "line": 2, "column": 2 },
        "end": { "line": 4, "column": 4 }
      },
      "2": {
        "start": { "line": 3, "column": 4 },
        "end": { "line": 3, "column": 17 }
      }
    },
    "fnMap": {
      "0": {
        "name": "(anonymous_0)",
        "decl": {
          "start": { "line": 1, "column": 19 },
          "end": { "line": 1, "column": 20 }
        },
        "loc": {
          "start": { "line": 1, "column": 26 },
          "end": { "line": 5, "column": 1 }
        },
        "line": 1
      },
      "1": {
        "name": "(anonymous_1)",
        "decl": {
          "start": { "line": 2, "column": 9 },
          "end": { "line": 2, "column": 10 }
        },
        "loc": {
          "start": { "line": 2, "column": 16 },
          "end": { "line": 4, "column": 3 }
        },
        "line": 2
      }
    },
    "branchMap": {},
    "s": { "0": 1, "1": 1, "2": 1 },
    "f": { "0": 1, "1": 1 },
    "b": {},
    "_coverageSchema": "1a1c01bbd47fc00a2c39e90264f33305004495a9",
    "hash": "c3fdb1cc6592bfd36e2f049ab79a07ced50ef677"
  }
}
